<?xml version="1.0" encoding="UTF-8"?>
<coverage generated="1679712747469" clover="3.2.0">
  <project timestamp="1679712747470" name="All files">
    <metrics statements="62" coveredstatements="62" conditionals="22" coveredconditionals="22" methods="22" coveredmethods="22" elements="106" coveredelements="106" complexity="0" loc="62" ncloc="62" packages="4" files="4" classes="4"/>
    <package name="Footer">
      <metrics statements="2" coveredstatements="2" conditionals="0" coveredconditionals="0" methods="2" coveredmethods="2"/>
      <file name="Footer.jsx" path="/Users/erasmo.hernandez/Desktop/development/footballfield/src/app/components/Footer/Footer.jsx">
        <metrics statements="2" coveredstatements="2" conditionals="0" coveredconditionals="0" methods="2" coveredmethods="2"/>
        <line num="1" count="1" type="stmt"/>
        <line num="13" count="1" type="stmt"/>
      </file>
    </package>
    <package name="PlayersForm">
      <metrics statements="44" coveredstatements="44" conditionals="16" coveredconditionals="16" methods="12" coveredmethods="12"/>
      <file name="PlayersForm.jsx" path="/Users/erasmo.hernandez/Desktop/development/footballfield/src/app/components/PlayersForm/PlayersForm.jsx">
        <metrics statements="44" coveredstatements="44" conditionals="16" coveredconditionals="16" methods="12" coveredmethods="12"/>
        <line num="1" count="1" type="stmt"/>
        <line num="3" count="1" type="stmt"/>
        <line num="4" count="1" type="stmt"/>
        <line num="7" count="31" type="stmt"/>
        <line num="8" count="31" type="stmt"/>
        <line num="9" count="31" type="stmt"/>
        <line num="10" count="31" type="stmt"/>
        <line num="11" count="31" type="stmt"/>
        <line num="12" count="31" type="stmt"/>
        <line num="14" count="31" type="stmt"/>
        <line num="15" count="2" type="stmt"/>
        <line num="16" count="2" type="stmt"/>
        <line num="19" count="31" type="stmt"/>
        <line num="20" count="3" type="stmt"/>
        <line num="22" count="31" type="stmt"/>
        <line num="23" count="6" type="stmt"/>
        <line num="25" count="31" type="stmt"/>
        <line num="26" count="1" type="stmt"/>
        <line num="28" count="31" type="stmt"/>
        <line num="29" count="6" type="stmt"/>
        <line num="30" count="6" type="cond" truecount="2" falsecount="0"/>
        <line num="31" count="6" type="stmt"/>
        <line num="32" count="6" type="stmt"/>
        <line num="33" count="6" type="stmt"/>
        <line num="36" count="6" type="cond" truecount="2" falsecount="0"/>
        <line num="38" count="31" type="stmt"/>
        <line num="39" count="1" type="stmt"/>
        <line num="40" count="1" type="stmt"/>
        <line num="41" count="1" type="stmt"/>
        <line num="43" count="1" type="stmt"/>
        <line num="44" count="1" type="stmt"/>
        <line num="45" count="2" type="stmt"/>
        <line num="46" count="2" type="stmt"/>
        <line num="48" count="1" type="stmt"/>
        <line num="50" count="31" type="stmt"/>
        <line num="51" count="1" type="stmt"/>
        <line num="52" count="1" type="stmt"/>
        <line num="53" count="1" type="stmt"/>
        <line num="54" count="1" type="stmt"/>
        <line num="56" count="31" type="stmt"/>
        <line num="57" count="1" type="stmt"/>
        <line num="58" count="1" type="stmt"/>
        <line num="59" count="1" type="stmt"/>
        <line num="168" count="10" type="stmt"/>
      </file>
    </package>
    <package name="PlayersList">
      <metrics statements="4" coveredstatements="4" conditionals="0" coveredconditionals="0" methods="4" coveredmethods="4"/>
      <file name="PlayersList.jsx" path="/Users/erasmo.hernandez/Desktop/development/footballfield/src/app/components/PlayersList/PlayersList.jsx">
        <metrics statements="4" coveredstatements="4" conditionals="0" coveredconditionals="0" methods="4" coveredmethods="4"/>
        <line num="1" count="2" type="stmt"/>
        <line num="17" count="24" type="stmt"/>
        <line num="24" count="2" type="stmt"/>
        <line num="39" count="11" type="stmt"/>
      </file>
    </package>
    <package name="TeamList">
      <metrics statements="12" coveredstatements="12" conditionals="6" coveredconditionals="6" methods="4" coveredmethods="4"/>
      <file name="TeamList.jsx" path="/Users/erasmo.hernandez/Desktop/development/footballfield/src/app/components/TeamList/TeamList.jsx">
        <metrics statements="12" coveredstatements="12" conditionals="6" coveredconditionals="6" methods="4" coveredmethods="4"/>
        <line num="1" count="2" type="stmt"/>
        <line num="5" count="5" type="cond" truecount="4" falsecount="0"/>
        <line num="7" count="1" type="stmt"/>
        <line num="8" count="1" type="stmt"/>
        <line num="10" count="2" type="stmt"/>
        <line num="11" count="2" type="stmt"/>
        <line num="13" count="1" type="stmt"/>
        <line num="14" count="1" type="stmt"/>
        <line num="16" count="1" type="stmt"/>
        <line num="21" count="11" type="stmt"/>
        <line num="32" count="20" type="stmt"/>
        <line num="48" count="5" type="stmt"/>
      </file>
    </package>
  </project>
</coverage>
