{"/Users/erasmo.hernandez/Desktop/development/footballfield/src/app/components/Footer/Footer.jsx": {"path":"/Users/erasmo.hernandez/Desktop/development/footballfield/src/app/components/Footer/Footer.jsx","statementMap":{"0":{"start":{"line":13,"column":0},"end":{"line":13,"column":15}},"1":{"start":{"line":1,"column":33},"end":{"line":1,"column":null}},"2":{"start":{"line":13,"column":15},"end":{"line":13,"column":null}}},"fnMap":{"0":{"name":"(anonymous_0)","decl":{"start":{"line":13,"column":0},"end":{"line":13,"column":15}},"loc":{"start":{"line":13,"column":0},"end":{"line":13,"column":15}}},"1":{"name":"(anonymous_4)","decl":{"start":{"line":4,"column":4},"end":{"line":4,"column":12}},"loc":{"start":{"line":4,"column":12},"end":{"line":10,"column":null}}}},"branchMap":{},"s":{"0":1,"1":1,"2":1},"f":{"0":1,"1":1},"b":{}}
,"/Users/erasmo.hernandez/Desktop/development/footballfield/src/app/components/PlayersForm/PlayersForm.jsx": {"path":"/Users/erasmo.hernandez/Desktop/development/footballfield/src/app/components/PlayersForm/PlayersForm.jsx","statementMap":{"0":{"start":{"line":168,"column":0},"end":{"line":168,"column":15}},"1":{"start":{"line":1,"column":32},"end":{"line":1,"column":null}},"2":{"start":{"line":3,"column":24},"end":{"line":3,"column":null}},"3":{"start":{"line":4,"column":21},"end":{"line":4,"column":null}},"4":{"start":{"line":7,"column":32},"end":{"line":7,"column":null}},"5":{"start":{"line":8,"column":36},"end":{"line":8,"column":null}},"6":{"start":{"line":9,"column":28},"end":{"line":9,"column":null}},"7":{"start":{"line":10,"column":24},"end":{"line":10,"column":null}},"8":{"start":{"line":11,"column":36},"end":{"line":11,"column":null}},"9":{"start":{"line":12,"column":36},"end":{"line":12,"column":null}},"10":{"start":{"line":14,"column":32},"end":{"line":17,"column":null}},"11":{"start":{"line":15,"column":18},"end":{"line":15,"column":30}},"12":{"start":{"line":16,"column":4},"end":{"line":16,"column":null}},"13":{"start":{"line":19,"column":26},"end":{"line":21,"column":null}},"14":{"start":{"line":20,"column":4},"end":{"line":20,"column":null}},"15":{"start":{"line":22,"column":23},"end":{"line":24,"column":null}},"16":{"start":{"line":23,"column":4},"end":{"line":23,"column":null}},"17":{"start":{"line":25,"column":24},"end":{"line":27,"column":null}},"18":{"start":{"line":26,"column":4},"end":{"line":26,"column":null}},"19":{"start":{"line":28,"column":23},"end":{"line":37,"column":null}},"20":{"start":{"line":29,"column":4},"end":{"line":29,"column":null}},"21":{"start":{"line":30,"column":25},"end":{"line":30,"column":70}},"22":{"start":{"line":31,"column":20},"end":{"line":31,"column":22}},"23":{"start":{"line":32,"column":22},"end":{"line":32,"column":null}},"24":{"start":{"line":33,"column":4},"end":{"line":33,"column":null}},"25":{"start":{"line":36,"column":4},"end":{"line":36,"column":null}},"26":{"start":{"line":38,"column":24},"end":{"line":49,"column":null}},"27":{"start":{"line":39,"column":4},"end":{"line":39,"column":null}},"28":{"start":{"line":40,"column":26},"end":{"line":40,"column":null}},"29":{"start":{"line":41,"column":25},"end":{"line":41,"column":27}},"30":{"start":{"line":43,"column":24},"end":{"line":43,"column":null}},"31":{"start":{"line":43,"column":54},"end":{"line":43,"column":null}},"32":{"start":{"line":44,"column":4},"end":{"line":47,"column":null}},"33":{"start":{"line":45,"column":22},"end":{"line":45,"column":null}},"34":{"start":{"line":46,"column":6},"end":{"line":46,"column":null}},"35":{"start":{"line":48,"column":4},"end":{"line":48,"column":null}},"36":{"start":{"line":48,"column":24},"end":{"line":48,"column":null}},"37":{"start":{"line":50,"column":23},"end":{"line":55,"column":null}},"38":{"start":{"line":51,"column":4},"end":{"line":51,"column":null}},"39":{"start":{"line":52,"column":4},"end":{"line":52,"column":null}},"40":{"start":{"line":53,"column":4},"end":{"line":53,"column":null}},"41":{"start":{"line":54,"column":4},"end":{"line":54,"column":null}},"42":{"start":{"line":56,"column":23},"end":{"line":60,"column":null}},"43":{"start":{"line":57,"column":17},"end":{"line":57,"column":null}},"44":{"start":{"line":58,"column":4},"end":{"line":58,"column":null}},"45":{"start":{"line":59,"column":4},"end":{"line":59,"column":null}},"46":{"start":{"line":168,"column":15},"end":{"line":168,"column":null}}},"fnMap":{"0":{"name":"(anonymous_0)","decl":{"start":{"line":168,"column":0},"end":{"line":168,"column":15}},"loc":{"start":{"line":168,"column":0},"end":{"line":168,"column":15}}},"1":{"name":"PlayersForm","decl":{"start":{"line":6,"column":9},"end":{"line":6,"column":23}},"loc":{"start":{"line":6,"column":23},"end":{"line":166,"column":null}}},"2":{"name":"(anonymous_6)","decl":{"start":{"line":14,"column":32},"end":{"line":14,"column":33}},"loc":{"start":{"line":14,"column":48},"end":{"line":17,"column":null}}},"3":{"name":"(anonymous_7)","decl":{"start":{"line":19,"column":26},"end":{"line":19,"column":32}},"loc":{"start":{"line":19,"column":32},"end":{"line":21,"column":null}}},"4":{"name":"(anonymous_8)","decl":{"start":{"line":22,"column":23},"end":{"line":22,"column":24}},"loc":{"start":{"line":22,"column":39},"end":{"line":24,"column":null}}},"5":{"name":"(anonymous_9)","decl":{"start":{"line":25,"column":24},"end":{"line":25,"column":25}},"loc":{"start":{"line":25,"column":40},"end":{"line":27,"column":null}}},"6":{"name":"(anonymous_10)","decl":{"start":{"line":28,"column":23},"end":{"line":28,"column":24}},"loc":{"start":{"line":28,"column":30},"end":{"line":37,"column":null}}},"7":{"name":"(anonymous_11)","decl":{"start":{"line":38,"column":24},"end":{"line":38,"column":25}},"loc":{"start":{"line":38,"column":31},"end":{"line":49,"column":null}}},"8":{"name":"(anonymous_12)","decl":{"start":{"line":43,"column":48},"end":{"line":43,"column":54}},"loc":{"start":{"line":43,"column":54},"end":{"line":43,"column":null}}},"9":{"name":"(anonymous_13)","decl":{"start":{"line":48,"column":13},"end":{"line":48,"column":14}},"loc":{"start":{"line":48,"column":24},"end":{"line":48,"column":null}}},"10":{"name":"(anonymous_14)","decl":{"start":{"line":50,"column":23},"end":{"line":50,"column":24}},"loc":{"start":{"line":50,"column":30},"end":{"line":55,"column":null}}},"11":{"name":"(anonymous_15)","decl":{"start":{"line":56,"column":23},"end":{"line":56,"column":24}},"loc":{"start":{"line":56,"column":35},"end":{"line":60,"column":null}}}},"branchMap":{"0":{"loc":{"start":{"line":30,"column":25},"end":{"line":30,"column":70}},"type":"cond-expr","locations":[{"start":{"line":30,"column":37},"end":{"line":30,"column":61}},{"start":{"line":30,"column":61},"end":{"line":30,"column":70}}]},"1":{"loc":{"start":{"line":36,"column":4},"end":{"line":36,"column":null}},"type":"binary-expr","locations":[{"start":{"line":36,"column":4},"end":{"line":36,"column":18}},{"start":{"line":36,"column":18},"end":{"line":36,"column":null}}]},"2":{"loc":{"start":{"line":102,"column":15},"end":{"line":127,"column":null}},"type":"cond-expr","locations":[{"start":{"line":103,"column":16},"end":{"line":114,"column":null}},{"start":{"line":114,"column":16},"end":{"line":127,"column":null}}]},"3":{"loc":{"start":{"line":131,"column":16},"end":{"line":132,"column":null}},"type":"binary-expr","locations":[{"start":{"line":131,"column":16},"end":{"line":131,"column":31}},{"start":{"line":131,"column":31},"end":{"line":131,"column":null}},{"start":{"line":132,"column":17},"end":{"line":132,"column":30}},{"start":{"line":132,"column":30},"end":{"line":132,"column":null}}]},"4":{"loc":{"start":{"line":138,"column":15},"end":{"line":138,"column":55}},"type":"cond-expr","locations":[{"start":{"line":138,"column":27},"end":{"line":138,"column":43}},{"start":{"line":138,"column":43},"end":{"line":138,"column":55}}]},"5":{"loc":{"start":{"line":144,"column":9},"end":{"line":160,"column":null}},"type":"cond-expr","locations":[{"start":{"line":145,"column":10},"end":{"line":160,"column":null}},{"start":{"line":160,"column":10},"end":{"line":160,"column":null}}]},"6":{"loc":{"start":{"line":163,"column":7},"end":{"line":163,"column":69}},"type":"cond-expr","locations":[{"start":{"line":163,"column":26},"end":{"line":163,"column":69}},{"start":{"line":163,"column":55},"end":{"line":163,"column":69}}]}},"s":{"0":10,"1":1,"2":1,"3":1,"4":31,"5":31,"6":31,"7":31,"8":31,"9":31,"10":31,"11":2,"12":2,"13":31,"14":3,"15":31,"16":6,"17":31,"18":1,"19":31,"20":6,"21":6,"22":6,"23":6,"24":6,"25":6,"26":31,"27":1,"28":1,"29":1,"30":1,"31":1,"32":1,"33":2,"34":2,"35":1,"36":1,"37":31,"38":1,"39":1,"40":1,"41":1,"42":31,"43":1,"44":1,"45":1,"46":1},"f":{"0":10,"1":31,"2":2,"3":3,"4":6,"5":1,"6":6,"7":1,"8":1,"9":1,"10":1,"11":1},"b":{"0":[1,5],"1":[6,5],"2":[6,25],"3":[31,25,12,6],"4":[6,25],"5":[8,23],"6":[1,30]}}
,"/Users/erasmo.hernandez/Desktop/development/footballfield/src/app/components/PlayersList/PlayersList.jsx": {"path":"/Users/erasmo.hernandez/Desktop/development/footballfield/src/app/components/PlayersList/PlayersList.jsx","statementMap":{"0":{"start":{"line":39,"column":0},"end":{"line":39,"column":15}},"1":{"start":{"line":1,"column":18},"end":{"line":1,"column":null}},"2":{"start":{"line":17,"column":24},"end":{"line":18,"column":null}},"3":{"start":{"line":24,"column":56},"end":{"line":24,"column":null}},"4":{"start":{"line":39,"column":15},"end":{"line":39,"column":null}}},"fnMap":{"0":{"name":"(anonymous_0)","decl":{"start":{"line":39,"column":0},"end":{"line":39,"column":15}},"loc":{"start":{"line":39,"column":0},"end":{"line":39,"column":15}}},"1":{"name":"PlayersList","decl":{"start":{"line":3,"column":9},"end":{"line":3,"column":21}},"loc":{"start":{"line":3,"column":44},"end":{"line":37,"column":null}}},"2":{"name":"(anonymous_3)","decl":{"start":{"line":16,"column":33},"end":{"line":16,"column":34}},"loc":{"start":{"line":16,"column":52},"end":{"line":32,"column":null}}},"3":{"name":"(anonymous_4)","decl":{"start":{"line":24,"column":49},"end":{"line":24,"column":50}},"loc":{"start":{"line":24,"column":56},"end":{"line":24,"column":null}}}},"branchMap":{},"s":{"0":11,"1":2,"2":24,"3":2,"4":2},"f":{"0":11,"1":11,"2":24,"3":2},"b":{}}
,"/Users/erasmo.hernandez/Desktop/development/footballfield/src/app/components/TeamList/TeamList.jsx": {"path":"/Users/erasmo.hernandez/Desktop/development/footballfield/src/app/components/TeamList/TeamList.jsx","statementMap":{"0":{"start":{"line":48,"column":0},"end":{"line":48,"column":15}},"1":{"start":{"line":1,"column":18},"end":{"line":1,"column":null}},"2":{"start":{"line":5,"column":4},"end":{"line":17,"column":null}},"3":{"start":{"line":7,"column":12},"end":{"line":7,"column":null}},"4":{"start":{"line":8,"column":12},"end":{"line":8,"column":null}},"5":{"start":{"line":10,"column":12},"end":{"line":10,"column":null}},"6":{"start":{"line":11,"column":12},"end":{"line":11,"column":null}},"7":{"start":{"line":13,"column":12},"end":{"line":13,"column":null}},"8":{"start":{"line":14,"column":12},"end":{"line":14,"column":null}},"9":{"start":{"line":16,"column":12},"end":{"line":16,"column":null}},"10":{"start":{"line":21,"column":16},"end":{"line":22,"column":67}},"11":{"start":{"line":32,"column":36},"end":{"line":33,"column":null}},"12":{"start":{"line":48,"column":15},"end":{"line":48,"column":null}}},"fnMap":{"0":{"name":"(anonymous_0)","decl":{"start":{"line":48,"column":0},"end":{"line":48,"column":15}},"loc":{"start":{"line":48,"column":0},"end":{"line":48,"column":15}}},"1":{"name":"TeamList","decl":{"start":{"line":3,"column":9},"end":{"line":3,"column":18}},"loc":{"start":{"line":3,"column":29},"end":{"line":46,"column":null}}},"2":{"name":"(anonymous_3)","decl":{"start":{"line":20,"column":43},"end":{"line":20,"column":44}},"loc":{"start":{"line":20,"column":60},"end":{"line":43,"column":null}}},"3":{"name":"(anonymous_4)","decl":{"start":{"line":31,"column":42},"end":{"line":31,"column":43}},"loc":{"start":{"line":31,"column":61},"end":{"line":38,"column":null}}}},"branchMap":{"0":{"loc":{"start":{"line":5,"column":4},"end":{"line":17,"column":null}},"type":"switch","locations":[{"start":{"line":6,"column":8},"end":{"line":8,"column":null}},{"start":{"line":9,"column":8},"end":{"line":11,"column":null}},{"start":{"line":12,"column":8},"end":{"line":14,"column":null}},{"start":{"line":15,"column":8},"end":{"line":16,"column":null}}]},"1":{"loc":{"start":{"line":20,"column":13},"end":{"line":43,"column":null}},"type":"binary-expr","locations":[{"start":{"line":20,"column":13},"end":{"line":20,"column":33}},{"start":{"line":20,"column":33},"end":{"line":43,"column":null}}]}},"s":{"0":5,"1":2,"2":5,"3":1,"4":1,"5":2,"6":2,"7":1,"8":1,"9":1,"10":11,"11":20,"12":2},"f":{"0":5,"1":5,"2":11,"3":20},"b":{"0":[1,2,1,1],"1":[5,4]}}
}
