TN:
SF:src/app/components/Footer/Footer.jsx
FN:13,(anonymous_0)
FN:4,(anonymous_4)
FNF:2
FNH:2
FNDA:1,(anonymous_0)
FNDA:1,(anonymous_4)
DA:1,1
DA:13,1
LF:2
LH:2
BRF:0
BRH:0
end_of_record
TN:
SF:src/app/components/PlayersForm/PlayersForm.jsx
FN:168,(anonymous_0)
FN:6,PlayersForm
FN:14,(anonymous_6)
FN:19,(anonymous_7)
FN:22,(anonymous_8)
FN:25,(anonymous_9)
FN:28,(anonymous_10)
FN:38,(anonymous_11)
FN:43,(anonymous_12)
FN:48,(anonymous_13)
FN:50,(anonymous_14)
FN:56,(anonymous_15)
FNF:12
FNH:12
FNDA:10,(anonymous_0)
FNDA:31,PlayersForm
FNDA:2,(anonymous_6)
FNDA:3,(anonymous_7)
FNDA:6,(anonymous_8)
FNDA:1,(anonymous_9)
FNDA:6,(anonymous_10)
FNDA:1,(anonymous_11)
FNDA:1,(anonymous_12)
FNDA:1,(anonymous_13)
FNDA:1,(anonymous_14)
FNDA:1,(anonymous_15)
DA:1,1
DA:3,1
DA:4,1
DA:7,31
DA:8,31
DA:9,31
DA:10,31
DA:11,31
DA:12,31
DA:14,31
DA:15,2
DA:16,2
DA:19,31
DA:20,3
DA:22,31
DA:23,6
DA:25,31
DA:26,1
DA:28,31
DA:29,6
DA:30,6
DA:31,6
DA:32,6
DA:33,6
DA:36,6
DA:38,31
DA:39,1
DA:40,1
DA:41,1
DA:43,1
DA:44,1
DA:45,2
DA:46,2
DA:48,1
DA:50,31
DA:51,1
DA:52,1
DA:53,1
DA:54,1
DA:56,31
DA:57,1
DA:58,1
DA:59,1
DA:168,10
LF:44
LH:44
BRDA:30,0,0,1
BRDA:30,0,1,5
BRDA:36,1,0,6
BRDA:36,1,1,5
BRDA:102,2,0,6
BRDA:102,2,1,25
BRDA:131,3,0,31
BRDA:131,3,1,25
BRDA:131,3,2,12
BRDA:131,3,3,6
BRDA:138,4,0,6
BRDA:138,4,1,25
BRDA:144,5,0,8
BRDA:144,5,1,23
BRDA:163,6,0,1
BRDA:163,6,1,30
BRF:16
BRH:16
end_of_record
TN:
SF:src/app/components/PlayersList/PlayersList.jsx
FN:39,(anonymous_0)
FN:3,PlayersList
FN:16,(anonymous_3)
FN:24,(anonymous_4)
FNF:4
FNH:4
FNDA:11,(anonymous_0)
FNDA:11,PlayersList
FNDA:24,(anonymous_3)
FNDA:2,(anonymous_4)
DA:1,2
DA:17,24
DA:24,2
DA:39,11
LF:4
LH:4
BRF:0
BRH:0
end_of_record
TN:
SF:src/app/components/TeamList/TeamList.jsx
FN:48,(anonymous_0)
FN:3,TeamList
FN:20,(anonymous_3)
FN:31,(anonymous_4)
FNF:4
FNH:4
FNDA:5,(anonymous_0)
FNDA:5,TeamList
FNDA:11,(anonymous_3)
FNDA:20,(anonymous_4)
DA:1,2
DA:5,5
DA:7,1
DA:8,1
DA:10,2
DA:11,2
DA:13,1
DA:14,1
DA:16,1
DA:21,11
DA:32,20
DA:48,5
LF:12
LH:12
BRDA:5,0,0,1
BRDA:5,0,1,2
BRDA:5,0,2,1
BRDA:5,0,3,1
BRDA:20,1,0,5
BRDA:20,1,1,4
BRF:6
BRH:6
end_of_record
